mode: atomic
github.com/Fierro-Labs/Fierro/src/ipfs.go:24.54,28.16 3 2
github.com/Fierro-Labs/Fierro/src/ipfs.go:33.2,34.16 2 2
github.com/Fierro-Labs/Fierro/src/ipfs.go:38.2,38.52 1 2
github.com/Fierro-Labs/Fierro/src/ipfs.go:28.16,31.3 2 0
github.com/Fierro-Labs/Fierro/src/ipfs.go:34.16,37.3 2 0
github.com/Fierro-Labs/Fierro/src/ipfs.go:43.56,48.62 3 0
github.com/Fierro-Labs/Fierro/src/ipfs.go:55.2,56.16 2 0
github.com/Fierro-Labs/Fierro/src/ipfs.go:60.2,62.61 2 0
github.com/Fierro-Labs/Fierro/src/ipfs.go:67.2,68.16 2 0
github.com/Fierro-Labs/Fierro/src/ipfs.go:73.2,76.16 4 0
github.com/Fierro-Labs/Fierro/src/ipfs.go:81.2,82.16 2 0
github.com/Fierro-Labs/Fierro/src/ipfs.go:89.2,90.16 2 0
github.com/Fierro-Labs/Fierro/src/ipfs.go:95.2,95.54 1 0
github.com/Fierro-Labs/Fierro/src/ipfs.go:48.62,51.3 2 0
github.com/Fierro-Labs/Fierro/src/ipfs.go:56.16,59.3 2 0
github.com/Fierro-Labs/Fierro/src/ipfs.go:62.61,65.3 2 0
github.com/Fierro-Labs/Fierro/src/ipfs.go:68.16,71.3 2 0
github.com/Fierro-Labs/Fierro/src/ipfs.go:76.16,79.3 2 0
github.com/Fierro-Labs/Fierro/src/ipfs.go:82.16,85.3 2 0
github.com/Fierro-Labs/Fierro/src/ipfs.go:90.16,93.3 2 0
github.com/Fierro-Labs/Fierro/src/ipfs.go:100.60,104.19 3 2
github.com/Fierro-Labs/Fierro/src/ipfs.go:128.2,128.22 1 2
github.com/Fierro-Labs/Fierro/src/ipfs.go:104.19,106.17 2 0
github.com/Fierro-Labs/Fierro/src/ipfs.go:110.3,110.27 1 0
github.com/Fierro-Labs/Fierro/src/ipfs.go:106.17,109.4 2 0
github.com/Fierro-Labs/Fierro/src/ipfs.go:112.8,114.17 2 2
github.com/Fierro-Labs/Fierro/src/ipfs.go:118.3,121.17 3 2
github.com/Fierro-Labs/Fierro/src/ipfs.go:125.3,125.27 1 2
github.com/Fierro-Labs/Fierro/src/ipfs.go:114.17,117.4 2 0
github.com/Fierro-Labs/Fierro/src/ipfs.go:121.17,124.4 2 0
github.com/Fierro-Labs/Fierro/src/ipfs.go:133.78,139.16 6 2
github.com/Fierro-Labs/Fierro/src/ipfs.go:143.2,143.22 1 2
github.com/Fierro-Labs/Fierro/src/ipfs.go:139.16,141.3 1 0
github.com/Fierro-Labs/Fierro/src/ipfs.go:147.79,149.16 2 2
github.com/Fierro-Labs/Fierro/src/ipfs.go:154.2,154.31 1 2
github.com/Fierro-Labs/Fierro/src/ipfs.go:159.2,159.21 1 2
github.com/Fierro-Labs/Fierro/src/ipfs.go:149.16,152.3 2 0
github.com/Fierro-Labs/Fierro/src/ipfs.go:154.31,157.3 2 0
github.com/Fierro-Labs/Fierro/src/ipfs.go:163.46,168.16 5 1
github.com/Fierro-Labs/Fierro/src/ipfs.go:171.2,171.23 1 1
github.com/Fierro-Labs/Fierro/src/ipfs.go:168.16,170.3 1 0
github.com/Fierro-Labs/Fierro/src/keys.go:15.49,19.16 3 5
github.com/Fierro-Labs/Fierro/src/keys.go:23.2,23.17 1 3
github.com/Fierro-Labs/Fierro/src/keys.go:19.16,22.3 2 2
github.com/Fierro-Labs/Fierro/src/keys.go:27.38,30.16 3 5
github.com/Fierro-Labs/Fierro/src/keys.go:34.2,34.12 1 5
github.com/Fierro-Labs/Fierro/src/keys.go:30.16,33.3 2 0
github.com/Fierro-Labs/Fierro/src/keys.go:38.39,42.16 4 2
github.com/Fierro-Labs/Fierro/src/keys.go:46.2,46.12 1 2
github.com/Fierro-Labs/Fierro/src/keys.go:42.16,45.3 2 0
github.com/Fierro-Labs/Fierro/src/keys.go:51.38,55.16 4 1
github.com/Fierro-Labs/Fierro/src/keys.go:59.2,59.12 1 1
github.com/Fierro-Labs/Fierro/src/keys.go:55.16,58.3 2 0
github.com/Fierro-Labs/Fierro/src/keys.go:64.55,69.16 5 1
github.com/Fierro-Labs/Fierro/src/keys.go:73.2,73.12 1 1
github.com/Fierro-Labs/Fierro/src/keys.go:69.16,72.3 2 0
github.com/Fierro-Labs/Fierro/src/keys.go:78.53,81.16 3 3
github.com/Fierro-Labs/Fierro/src/keys.go:86.2,87.16 2 1
github.com/Fierro-Labs/Fierro/src/keys.go:92.2,93.16 2 1
github.com/Fierro-Labs/Fierro/src/keys.go:99.2,105.16 5 1
github.com/Fierro-Labs/Fierro/src/keys.go:81.16,84.3 2 2
github.com/Fierro-Labs/Fierro/src/keys.go:87.16,90.3 2 0
github.com/Fierro-Labs/Fierro/src/keys.go:93.16,96.3 2 0
github.com/Fierro-Labs/Fierro/src/keys.go:105.16,106.13 1 0
github.com/Fierro-Labs/Fierro/src/keys.go:112.54,116.16 3 0
github.com/Fierro-Labs/Fierro/src/keys.go:120.2,123.16 3 0
github.com/Fierro-Labs/Fierro/src/keys.go:128.2,129.16 2 0
github.com/Fierro-Labs/Fierro/src/keys.go:133.2,133.50 1 0
github.com/Fierro-Labs/Fierro/src/keys.go:116.16,119.3 2 0
github.com/Fierro-Labs/Fierro/src/keys.go:123.16,126.3 2 0
github.com/Fierro-Labs/Fierro/src/keys.go:129.16,132.3 2 0
github.com/Fierro-Labs/Fierro/src/keys.go:137.56,139.16 2 1
github.com/Fierro-Labs/Fierro/src/keys.go:144.2,145.16 2 1
github.com/Fierro-Labs/Fierro/src/keys.go:149.2,149.55 1 1
github.com/Fierro-Labs/Fierro/src/keys.go:139.16,142.3 2 0
github.com/Fierro-Labs/Fierro/src/keys.go:145.16,148.3 2 0
github.com/Fierro-Labs/Fierro/src/records.go:12.56,14.16 2 1
github.com/Fierro-Labs/Fierro/src/records.go:19.2,20.16 2 1
github.com/Fierro-Labs/Fierro/src/records.go:25.2,25.54 1 1
github.com/Fierro-Labs/Fierro/src/records.go:14.16,17.3 2 0
github.com/Fierro-Labs/Fierro/src/records.go:20.16,23.3 2 0
github.com/Fierro-Labs/Fierro/src/records.go:31.57,35.16 3 1
github.com/Fierro-Labs/Fierro/src/records.go:40.2,41.16 2 1
github.com/Fierro-Labs/Fierro/src/records.go:45.2,48.16 3 1
github.com/Fierro-Labs/Fierro/src/records.go:53.2,54.16 2 1
github.com/Fierro-Labs/Fierro/src/records.go:59.2,60.16 2 1
github.com/Fierro-Labs/Fierro/src/records.go:65.2,65.64 1 1
github.com/Fierro-Labs/Fierro/src/records.go:35.16,38.3 2 0
github.com/Fierro-Labs/Fierro/src/records.go:41.16,44.3 2 0
github.com/Fierro-Labs/Fierro/src/records.go:48.16,51.3 2 0
github.com/Fierro-Labs/Fierro/src/records.go:54.16,57.3 2 0
github.com/Fierro-Labs/Fierro/src/records.go:60.16,63.3 2 0
github.com/Fierro-Labs/Fierro/src/records.go:71.56,75.16 3 0
github.com/Fierro-Labs/Fierro/src/records.go:80.2,81.16 2 0
github.com/Fierro-Labs/Fierro/src/records.go:85.2,88.16 3 0
github.com/Fierro-Labs/Fierro/src/records.go:93.2,94.16 2 0
github.com/Fierro-Labs/Fierro/src/records.go:99.2,100.16 2 0
github.com/Fierro-Labs/Fierro/src/records.go:104.2,104.54 1 0
github.com/Fierro-Labs/Fierro/src/records.go:75.16,78.3 2 0
github.com/Fierro-Labs/Fierro/src/records.go:81.16,84.3 2 0
github.com/Fierro-Labs/Fierro/src/records.go:88.16,91.3 2 0
github.com/Fierro-Labs/Fierro/src/records.go:94.16,97.3 2 0
github.com/Fierro-Labs/Fierro/src/records.go:100.16,103.3 2 0
github.com/Fierro-Labs/Fierro/src/records.go:109.61,111.16 2 2
github.com/Fierro-Labs/Fierro/src/records.go:116.2,118.57 2 2
github.com/Fierro-Labs/Fierro/src/records.go:111.16,114.3 2 0
github.com/Fierro-Labs/Fierro/src/records.go:121.60,123.16 2 1
github.com/Fierro-Labs/Fierro/src/records.go:128.2,129.16 2 1
github.com/Fierro-Labs/Fierro/src/records.go:133.2,133.57 1 1
github.com/Fierro-Labs/Fierro/src/records.go:123.16,126.3 2 0
github.com/Fierro-Labs/Fierro/src/records.go:129.16,132.3 2 0
github.com/Fierro-Labs/Fierro/src/records.go:138.39,139.17 1 1
github.com/Fierro-Labs/Fierro/src/records.go:144.2,145.47 2 1
github.com/Fierro-Labs/Fierro/src/records.go:150.2,150.15 1 1
github.com/Fierro-Labs/Fierro/src/records.go:154.2,155.12 2 1
github.com/Fierro-Labs/Fierro/src/records.go:139.17,142.3 2 0
github.com/Fierro-Labs/Fierro/src/records.go:145.47,147.3 1 1
github.com/Fierro-Labs/Fierro/src/records.go:150.15,153.3 2 0
github.com/Fierro-Labs/Fierro/src/records.go:160.22,162.17 1 0
github.com/Fierro-Labs/Fierro/src/records.go:167.2,172.16 4 0
github.com/Fierro-Labs/Fierro/src/records.go:176.2,176.17 1 0
github.com/Fierro-Labs/Fierro/src/records.go:162.17,165.3 2 0
github.com/Fierro-Labs/Fierro/src/records.go:172.16,175.3 2 0
github.com/Fierro-Labs/Fierro/src/server.go:27.52,30.2 2 0
github.com/Fierro-Labs/Fierro/src/server.go:32.13,35.32 2 0
github.com/Fierro-Labs/Fierro/src/server.go:39.2,44.12 4 0
github.com/Fierro-Labs/Fierro/src/server.go:51.2,68.49 16 0
github.com/Fierro-Labs/Fierro/src/server.go:35.32,38.3 2 0
github.com/Fierro-Labs/Fierro/src/server.go:44.12,48.3 3 0
github.com/Fierro-Labs/Fierro/src/utils.go:23.67,28.16 5 2
github.com/Fierro-Labs/Fierro/src/utils.go:33.2,35.19 3 2
github.com/Fierro-Labs/Fierro/src/utils.go:28.16,32.3 3 0
github.com/Fierro-Labs/Fierro/src/utils.go:39.70,44.16 5 8
github.com/Fierro-Labs/Fierro/src/utils.go:49.2,51.19 3 8
github.com/Fierro-Labs/Fierro/src/utils.go:44.16,48.3 3 0
github.com/Fierro-Labs/Fierro/src/utils.go:55.65,59.31 2 6
github.com/Fierro-Labs/Fierro/src/utils.go:63.2,63.22 1 6
github.com/Fierro-Labs/Fierro/src/utils.go:59.31,62.3 2 0
github.com/Fierro-Labs/Fierro/src/utils.go:68.72,73.16 4 3
github.com/Fierro-Labs/Fierro/src/utils.go:77.2,81.16 4 3
github.com/Fierro-Labs/Fierro/src/utils.go:85.2,87.22 2 3
github.com/Fierro-Labs/Fierro/src/utils.go:73.16,76.3 2 0
github.com/Fierro-Labs/Fierro/src/utils.go:81.16,84.3 2 0
github.com/Fierro-Labs/Fierro/src/utils.go:92.118,99.16 4 0
github.com/Fierro-Labs/Fierro/src/utils.go:103.2,104.16 2 0
github.com/Fierro-Labs/Fierro/src/utils.go:107.2,112.16 3 0
github.com/Fierro-Labs/Fierro/src/utils.go:116.2,116.18 1 0
github.com/Fierro-Labs/Fierro/src/utils.go:99.16,101.3 1 0
github.com/Fierro-Labs/Fierro/src/utils.go:104.16,106.3 1 0
github.com/Fierro-Labs/Fierro/src/utils.go:112.16,114.3 1 0
github.com/Fierro-Labs/Fierro/src/utils.go:120.37,125.16 4 0
github.com/Fierro-Labs/Fierro/src/utils.go:131.2,132.16 2 0
github.com/Fierro-Labs/Fierro/src/utils.go:136.2,137.16 2 0
github.com/Fierro-Labs/Fierro/src/utils.go:141.2,142.16 2 0
github.com/Fierro-Labs/Fierro/src/utils.go:145.2,145.48 1 0
github.com/Fierro-Labs/Fierro/src/utils.go:125.16,126.13 1 0
github.com/Fierro-Labs/Fierro/src/utils.go:132.16,133.13 1 0
github.com/Fierro-Labs/Fierro/src/utils.go:137.16,138.13 1 0
github.com/Fierro-Labs/Fierro/src/utils.go:142.16,143.13 1 0
github.com/Fierro-Labs/Fierro/src/utils.go:149.52,152.16 2 0
github.com/Fierro-Labs/Fierro/src/utils.go:155.2,159.16 3 0
github.com/Fierro-Labs/Fierro/src/utils.go:164.2,164.32 1 0
github.com/Fierro-Labs/Fierro/src/utils.go:171.2,171.12 1 0
github.com/Fierro-Labs/Fierro/src/utils.go:152.16,154.3 1 0
github.com/Fierro-Labs/Fierro/src/utils.go:159.16,161.3 1 0
github.com/Fierro-Labs/Fierro/src/utils.go:164.32,166.17 2 0
github.com/Fierro-Labs/Fierro/src/utils.go:166.17,168.4 1 0
github.com/Fierro-Labs/Fierro/src/utils.go:175.55,178.88 2 0
github.com/Fierro-Labs/Fierro/src/utils.go:183.2,183.26 1 0
github.com/Fierro-Labs/Fierro/src/utils.go:190.2,190.73 1 0
github.com/Fierro-Labs/Fierro/src/utils.go:195.2,196.16 2 0
github.com/Fierro-Labs/Fierro/src/utils.go:199.2,203.16 3 0
github.com/Fierro-Labs/Fierro/src/utils.go:206.2,208.64 2 0
github.com/Fierro-Labs/Fierro/src/utils.go:211.2,211.12 1 0
github.com/Fierro-Labs/Fierro/src/utils.go:178.88,180.3 1 0
github.com/Fierro-Labs/Fierro/src/utils.go:183.26,184.60 1 0
github.com/Fierro-Labs/Fierro/src/utils.go:187.3,187.13 1 0
github.com/Fierro-Labs/Fierro/src/utils.go:184.60,186.4 1 0
github.com/Fierro-Labs/Fierro/src/utils.go:190.73,192.3 1 0
github.com/Fierro-Labs/Fierro/src/utils.go:196.16,198.3 1 0
github.com/Fierro-Labs/Fierro/src/utils.go:203.16,205.3 1 0
github.com/Fierro-Labs/Fierro/src/utils.go:208.64,210.3 1 0
github.com/Fierro-Labs/Fierro/src/utils.go:216.47,218.2 1 0
github.com/Fierro-Labs/Fierro/src/utils.go:221.44,223.2 1 0
github.com/Fierro-Labs/Fierro/src/utils.go:227.91,231.16 3 0
github.com/Fierro-Labs/Fierro/src/utils.go:236.2,238.18 2 0
github.com/Fierro-Labs/Fierro/src/utils.go:249.2,250.16 2 0
github.com/Fierro-Labs/Fierro/src/utils.go:253.2,253.23 1 0
github.com/Fierro-Labs/Fierro/src/utils.go:231.16,233.3 1 0
github.com/Fierro-Labs/Fierro/src/utils.go:239.25,240.8 1 0
github.com/Fierro-Labs/Fierro/src/utils.go:241.28,242.46 1 0
github.com/Fierro-Labs/Fierro/src/utils.go:243.10,245.134 2 0
github.com/Fierro-Labs/Fierro/src/utils.go:250.16,252.3 1 0
