mode: atomic
github.com/Fierro-Labs/Fierro/src/server.go:27.52,30.2 2 0
github.com/Fierro-Labs/Fierro/src/server.go:32.13,35.32 2 0
github.com/Fierro-Labs/Fierro/src/server.go:39.2,44.12 4 0
github.com/Fierro-Labs/Fierro/src/server.go:51.2,68.49 16 0
github.com/Fierro-Labs/Fierro/src/server.go:35.32,38.3 2 0
github.com/Fierro-Labs/Fierro/src/server.go:44.12,48.3 3 0
github.com/Fierro-Labs/Fierro/src/utils.go:20.67,25.16 5 0
github.com/Fierro-Labs/Fierro/src/utils.go:30.2,32.19 3 0
github.com/Fierro-Labs/Fierro/src/utils.go:25.16,29.3 3 0
github.com/Fierro-Labs/Fierro/src/utils.go:36.70,41.16 5 7
github.com/Fierro-Labs/Fierro/src/utils.go:46.2,48.19 3 7
github.com/Fierro-Labs/Fierro/src/utils.go:41.16,45.3 3 0
github.com/Fierro-Labs/Fierro/src/utils.go:53.65,57.31 2 9
github.com/Fierro-Labs/Fierro/src/utils.go:60.2,60.22 1 6
github.com/Fierro-Labs/Fierro/src/utils.go:57.31,59.3 1 3
github.com/Fierro-Labs/Fierro/src/utils.go:65.72,67.16 2 3
github.com/Fierro-Labs/Fierro/src/utils.go:71.2,79.16 7 3
github.com/Fierro-Labs/Fierro/src/utils.go:83.2,86.22 3 3
github.com/Fierro-Labs/Fierro/src/utils.go:67.16,70.3 2 0
github.com/Fierro-Labs/Fierro/src/utils.go:79.16,82.3 2 0
github.com/Fierro-Labs/Fierro/src/utils.go:91.118,98.16 4 0
github.com/Fierro-Labs/Fierro/src/utils.go:102.2,103.16 2 0
github.com/Fierro-Labs/Fierro/src/utils.go:106.2,111.16 3 0
github.com/Fierro-Labs/Fierro/src/utils.go:115.2,115.18 1 0
github.com/Fierro-Labs/Fierro/src/utils.go:98.16,100.3 1 0
github.com/Fierro-Labs/Fierro/src/utils.go:103.16,105.3 1 0
github.com/Fierro-Labs/Fierro/src/utils.go:111.16,113.3 1 0
github.com/Fierro-Labs/Fierro/src/utils.go:119.52,122.16 2 0
github.com/Fierro-Labs/Fierro/src/utils.go:125.2,129.16 3 0
github.com/Fierro-Labs/Fierro/src/utils.go:134.2,134.32 1 0
github.com/Fierro-Labs/Fierro/src/utils.go:141.2,141.12 1 0
github.com/Fierro-Labs/Fierro/src/utils.go:122.16,124.3 1 0
github.com/Fierro-Labs/Fierro/src/utils.go:129.16,131.3 1 0
github.com/Fierro-Labs/Fierro/src/utils.go:134.32,136.17 2 0
github.com/Fierro-Labs/Fierro/src/utils.go:136.17,138.4 1 0
github.com/Fierro-Labs/Fierro/src/utils.go:145.55,148.88 2 0
github.com/Fierro-Labs/Fierro/src/utils.go:153.2,153.26 1 0
github.com/Fierro-Labs/Fierro/src/utils.go:160.2,160.73 1 0
github.com/Fierro-Labs/Fierro/src/utils.go:165.2,166.16 2 0
github.com/Fierro-Labs/Fierro/src/utils.go:169.2,173.16 3 0
github.com/Fierro-Labs/Fierro/src/utils.go:176.2,178.64 2 0
github.com/Fierro-Labs/Fierro/src/utils.go:181.2,181.12 1 0
github.com/Fierro-Labs/Fierro/src/utils.go:148.88,150.3 1 0
github.com/Fierro-Labs/Fierro/src/utils.go:153.26,154.60 1 0
github.com/Fierro-Labs/Fierro/src/utils.go:157.3,157.13 1 0
github.com/Fierro-Labs/Fierro/src/utils.go:154.60,156.4 1 0
github.com/Fierro-Labs/Fierro/src/utils.go:160.73,162.3 1 0
github.com/Fierro-Labs/Fierro/src/utils.go:166.16,168.3 1 0
github.com/Fierro-Labs/Fierro/src/utils.go:173.16,175.3 1 0
github.com/Fierro-Labs/Fierro/src/utils.go:178.64,180.3 1 0
github.com/Fierro-Labs/Fierro/src/utils.go:186.47,188.2 1 4
github.com/Fierro-Labs/Fierro/src/utils.go:191.44,193.2 1 3
github.com/Fierro-Labs/Fierro/src/utils.go:197.91,201.16 3 0
github.com/Fierro-Labs/Fierro/src/utils.go:206.2,208.18 2 0
github.com/Fierro-Labs/Fierro/src/utils.go:219.2,220.16 2 0
github.com/Fierro-Labs/Fierro/src/utils.go:223.2,223.23 1 0
github.com/Fierro-Labs/Fierro/src/utils.go:201.16,203.3 1 0
github.com/Fierro-Labs/Fierro/src/utils.go:209.25,210.8 1 0
github.com/Fierro-Labs/Fierro/src/utils.go:211.28,212.46 1 0
github.com/Fierro-Labs/Fierro/src/utils.go:213.10,215.134 2 0
github.com/Fierro-Labs/Fierro/src/utils.go:220.16,222.3 1 0
github.com/Fierro-Labs/Fierro/src/utils.go:226.39,228.2 1 3
github.com/Fierro-Labs/Fierro/src/utils.go:230.105,233.2 2 3
github.com/Fierro-Labs/Fierro/src/ipfs.go:24.54,28.16 3 2
github.com/Fierro-Labs/Fierro/src/ipfs.go:33.2,34.16 2 2
github.com/Fierro-Labs/Fierro/src/ipfs.go:38.2,38.52 1 2
github.com/Fierro-Labs/Fierro/src/ipfs.go:28.16,31.3 2 0
github.com/Fierro-Labs/Fierro/src/ipfs.go:34.16,37.3 2 0
github.com/Fierro-Labs/Fierro/src/ipfs.go:43.56,48.62 3 0
github.com/Fierro-Labs/Fierro/src/ipfs.go:55.2,56.16 2 0
github.com/Fierro-Labs/Fierro/src/ipfs.go:60.2,62.61 2 0
github.com/Fierro-Labs/Fierro/src/ipfs.go:67.2,68.16 2 0
github.com/Fierro-Labs/Fierro/src/ipfs.go:73.2,76.16 4 0
github.com/Fierro-Labs/Fierro/src/ipfs.go:81.2,82.16 2 0
github.com/Fierro-Labs/Fierro/src/ipfs.go:89.2,90.16 2 0
github.com/Fierro-Labs/Fierro/src/ipfs.go:95.2,95.54 1 0
github.com/Fierro-Labs/Fierro/src/ipfs.go:48.62,51.3 2 0
github.com/Fierro-Labs/Fierro/src/ipfs.go:56.16,59.3 2 0
github.com/Fierro-Labs/Fierro/src/ipfs.go:62.61,65.3 2 0
github.com/Fierro-Labs/Fierro/src/ipfs.go:68.16,71.3 2 0
github.com/Fierro-Labs/Fierro/src/ipfs.go:76.16,79.3 2 0
github.com/Fierro-Labs/Fierro/src/ipfs.go:82.16,85.3 2 0
github.com/Fierro-Labs/Fierro/src/ipfs.go:90.16,93.3 2 0
github.com/Fierro-Labs/Fierro/src/ipfs.go:100.60,104.19 3 2
github.com/Fierro-Labs/Fierro/src/ipfs.go:128.2,128.22 1 2
github.com/Fierro-Labs/Fierro/src/ipfs.go:104.19,106.17 2 0
github.com/Fierro-Labs/Fierro/src/ipfs.go:110.3,110.27 1 0
github.com/Fierro-Labs/Fierro/src/ipfs.go:106.17,109.4 2 0
github.com/Fierro-Labs/Fierro/src/ipfs.go:112.8,114.17 2 2
github.com/Fierro-Labs/Fierro/src/ipfs.go:118.3,121.17 3 2
github.com/Fierro-Labs/Fierro/src/ipfs.go:125.3,125.27 1 2
github.com/Fierro-Labs/Fierro/src/ipfs.go:114.17,117.4 2 0
github.com/Fierro-Labs/Fierro/src/ipfs.go:121.17,124.4 2 0
github.com/Fierro-Labs/Fierro/src/ipfs.go:133.78,139.16 6 2
github.com/Fierro-Labs/Fierro/src/ipfs.go:143.2,143.22 1 2
github.com/Fierro-Labs/Fierro/src/ipfs.go:139.16,141.3 1 0
github.com/Fierro-Labs/Fierro/src/ipfs.go:147.79,149.16 2 2
github.com/Fierro-Labs/Fierro/src/ipfs.go:154.2,154.31 1 2
github.com/Fierro-Labs/Fierro/src/ipfs.go:159.2,159.21 1 2
github.com/Fierro-Labs/Fierro/src/ipfs.go:149.16,152.3 2 0
github.com/Fierro-Labs/Fierro/src/ipfs.go:154.31,157.3 2 0
github.com/Fierro-Labs/Fierro/src/ipfs.go:163.46,168.16 5 1
github.com/Fierro-Labs/Fierro/src/ipfs.go:171.2,171.23 1 1
github.com/Fierro-Labs/Fierro/src/ipfs.go:168.16,170.3 1 0
github.com/Fierro-Labs/Fierro/src/keys.go:15.49,19.16 3 6
github.com/Fierro-Labs/Fierro/src/keys.go:23.2,23.17 1 5
github.com/Fierro-Labs/Fierro/src/keys.go:19.16,22.3 2 1
github.com/Fierro-Labs/Fierro/src/keys.go:27.38,30.16 3 8
github.com/Fierro-Labs/Fierro/src/keys.go:34.2,34.12 1 6
github.com/Fierro-Labs/Fierro/src/keys.go:30.16,33.3 2 2
github.com/Fierro-Labs/Fierro/src/keys.go:38.39,42.16 4 5
github.com/Fierro-Labs/Fierro/src/keys.go:46.2,46.12 1 4
github.com/Fierro-Labs/Fierro/src/keys.go:42.16,45.3 2 1
github.com/Fierro-Labs/Fierro/src/keys.go:51.38,55.16 4 4
github.com/Fierro-Labs/Fierro/src/keys.go:59.2,59.12 1 3
github.com/Fierro-Labs/Fierro/src/keys.go:55.16,58.3 2 1
github.com/Fierro-Labs/Fierro/src/keys.go:64.55,68.16 4 2
github.com/Fierro-Labs/Fierro/src/keys.go:72.2,72.12 1 1
github.com/Fierro-Labs/Fierro/src/keys.go:68.16,71.3 2 1
github.com/Fierro-Labs/Fierro/src/keys.go:77.53,82.16 4 3
github.com/Fierro-Labs/Fierro/src/keys.go:89.2,89.16 1 3
github.com/Fierro-Labs/Fierro/src/keys.go:94.2,95.16 2 3
github.com/Fierro-Labs/Fierro/src/keys.go:100.2,101.16 2 3
github.com/Fierro-Labs/Fierro/src/keys.go:107.2,113.16 5 3
github.com/Fierro-Labs/Fierro/src/keys.go:82.16,85.3 2 3
github.com/Fierro-Labs/Fierro/src/keys.go:85.8,87.3 1 0
github.com/Fierro-Labs/Fierro/src/keys.go:89.16,92.3 2 0
github.com/Fierro-Labs/Fierro/src/keys.go:95.16,98.3 2 0
github.com/Fierro-Labs/Fierro/src/keys.go:101.16,104.3 2 0
github.com/Fierro-Labs/Fierro/src/keys.go:113.16,114.13 1 0
github.com/Fierro-Labs/Fierro/src/keys.go:120.54,124.16 3 0
github.com/Fierro-Labs/Fierro/src/keys.go:128.2,131.16 3 0
github.com/Fierro-Labs/Fierro/src/keys.go:136.2,137.16 2 0
github.com/Fierro-Labs/Fierro/src/keys.go:141.2,141.50 1 0
github.com/Fierro-Labs/Fierro/src/keys.go:124.16,127.3 2 0
github.com/Fierro-Labs/Fierro/src/keys.go:131.16,134.3 2 0
github.com/Fierro-Labs/Fierro/src/keys.go:137.16,140.3 2 0
github.com/Fierro-Labs/Fierro/src/keys.go:145.56,147.16 2 1
github.com/Fierro-Labs/Fierro/src/keys.go:152.2,153.16 2 1
github.com/Fierro-Labs/Fierro/src/keys.go:157.2,157.55 1 1
github.com/Fierro-Labs/Fierro/src/keys.go:147.16,150.3 2 0
github.com/Fierro-Labs/Fierro/src/keys.go:153.16,156.3 2 0
github.com/Fierro-Labs/Fierro/src/records.go:13.56,15.16 2 1
github.com/Fierro-Labs/Fierro/src/records.go:20.2,21.16 2 1
github.com/Fierro-Labs/Fierro/src/records.go:26.2,26.54 1 1
github.com/Fierro-Labs/Fierro/src/records.go:15.16,18.3 2 0
github.com/Fierro-Labs/Fierro/src/records.go:21.16,24.3 2 0
github.com/Fierro-Labs/Fierro/src/records.go:32.57,36.16 3 1
github.com/Fierro-Labs/Fierro/src/records.go:41.2,42.16 2 1
github.com/Fierro-Labs/Fierro/src/records.go:47.2,50.16 3 1
github.com/Fierro-Labs/Fierro/src/records.go:55.2,56.16 2 1
github.com/Fierro-Labs/Fierro/src/records.go:61.2,62.16 2 1
github.com/Fierro-Labs/Fierro/src/records.go:67.2,72.16 6 1
github.com/Fierro-Labs/Fierro/src/records.go:76.2,78.19 3 1
github.com/Fierro-Labs/Fierro/src/records.go:36.16,39.3 2 0
github.com/Fierro-Labs/Fierro/src/records.go:42.16,45.3 2 0
github.com/Fierro-Labs/Fierro/src/records.go:50.16,53.3 2 0
github.com/Fierro-Labs/Fierro/src/records.go:56.16,59.3 2 0
github.com/Fierro-Labs/Fierro/src/records.go:62.16,65.3 2 0
github.com/Fierro-Labs/Fierro/src/records.go:72.16,75.3 2 0
github.com/Fierro-Labs/Fierro/src/records.go:85.56,89.16 3 0
github.com/Fierro-Labs/Fierro/src/records.go:94.2,95.16 2 0
github.com/Fierro-Labs/Fierro/src/records.go:99.2,102.16 3 0
github.com/Fierro-Labs/Fierro/src/records.go:107.2,108.16 2 0
github.com/Fierro-Labs/Fierro/src/records.go:113.2,114.16 2 0
github.com/Fierro-Labs/Fierro/src/records.go:120.2,120.54 1 0
github.com/Fierro-Labs/Fierro/src/records.go:89.16,92.3 2 0
github.com/Fierro-Labs/Fierro/src/records.go:95.16,98.3 2 0
github.com/Fierro-Labs/Fierro/src/records.go:102.16,105.3 2 0
github.com/Fierro-Labs/Fierro/src/records.go:108.16,111.3 2 0
github.com/Fierro-Labs/Fierro/src/records.go:114.16,117.3 2 0
github.com/Fierro-Labs/Fierro/src/records.go:125.61,127.16 2 2
github.com/Fierro-Labs/Fierro/src/records.go:132.2,134.57 2 2
github.com/Fierro-Labs/Fierro/src/records.go:127.16,130.3 2 0
github.com/Fierro-Labs/Fierro/src/records.go:137.60,139.16 2 1
github.com/Fierro-Labs/Fierro/src/records.go:144.2,145.16 2 1
github.com/Fierro-Labs/Fierro/src/records.go:149.2,149.57 1 1
github.com/Fierro-Labs/Fierro/src/records.go:139.16,142.3 2 0
github.com/Fierro-Labs/Fierro/src/records.go:145.16,148.3 2 0
github.com/Fierro-Labs/Fierro/src/records.go:154.39,155.17 1 1
github.com/Fierro-Labs/Fierro/src/records.go:160.2,161.47 2 1
github.com/Fierro-Labs/Fierro/src/records.go:166.2,166.15 1 1
github.com/Fierro-Labs/Fierro/src/records.go:170.2,171.12 2 1
github.com/Fierro-Labs/Fierro/src/records.go:155.17,158.3 2 0
github.com/Fierro-Labs/Fierro/src/records.go:161.47,163.3 1 1
github.com/Fierro-Labs/Fierro/src/records.go:166.15,169.3 2 0
github.com/Fierro-Labs/Fierro/src/records.go:176.22,178.17 1 0
github.com/Fierro-Labs/Fierro/src/records.go:183.2,188.16 4 0
github.com/Fierro-Labs/Fierro/src/records.go:192.2,192.17 1 0
github.com/Fierro-Labs/Fierro/src/records.go:178.17,181.3 2 0
github.com/Fierro-Labs/Fierro/src/records.go:188.16,191.3 2 0
